Determining if the pthread_create exist failed with the following output:
Change Dir: /home/ton/catkin_ws/build/CMakeFiles/CMakeTmp

Run Build Command:"/usr/bin/make" "cmTC_448d9/fast"
/usr/bin/make -f CMakeFiles/cmTC_448d9.dir/build.make CMakeFiles/cmTC_448d9.dir/build
make[1]: Entering directory '/home/ton/catkin_ws/build/CMakeFiles/CMakeTmp'
Building C object CMakeFiles/cmTC_448d9.dir/CheckSymbolExists.c.o
/usr/bin/cc     -o CMakeFiles/cmTC_448d9.dir/CheckSymbolExists.c.o   -c /home/ton/catkin_ws/build/CMakeFiles/CMakeTmp/CheckSymbolExists.c
Linking C executable cmTC_448d9
/usr/bin/cmake -E cmake_link_script CMakeFiles/cmTC_448d9.dir/link.txt --verbose=1
/usr/bin/cc       CMakeFiles/cmTC_448d9.dir/CheckSymbolExists.c.o  -o cmTC_448d9 -rdynamic 
CMakeFiles/cmTC_448d9.dir/CheckSymbolExists.c.o: In function `main':
CheckSymbolExists.c:(.text+0x16): undefined reference to `pthread_create'
collect2: error: ld returned 1 exit status
CMakeFiles/cmTC_448d9.dir/build.make:97: recipe for target 'cmTC_448d9' failed
make[1]: *** [cmTC_448d9] Error 1
make[1]: Leaving directory '/home/ton/catkin_ws/build/CMakeFiles/CMakeTmp'
Makefile:126: recipe for target 'cmTC_448d9/fast' failed
make: *** [cmTC_448d9/fast] Error 2

File /home/ton/catkin_ws/build/CMakeFiles/CMakeTmp/CheckSymbolExists.c:
/* */
#include <pthread.h>

int main(int argc, char** argv)
{
  (void)argv;
#ifndef pthread_create
  return ((int*)(&pthread_create))[argc];
#else
  (void)argc;
  return 0;
#endif
}

Determining if the function pthread_create exists in the pthreads failed with the following output:
Change Dir: /home/ton/catkin_ws/build/CMakeFiles/CMakeTmp

Run Build Command:"/usr/bin/make" "cmTC_e79bd/fast"
/usr/bin/make -f CMakeFiles/cmTC_e79bd.dir/build.make CMakeFiles/cmTC_e79bd.dir/build
make[1]: Entering directory '/home/ton/catkin_ws/build/CMakeFiles/CMakeTmp'
Building C object CMakeFiles/cmTC_e79bd.dir/CheckFunctionExists.c.o
/usr/bin/cc    -DCHECK_FUNCTION_EXISTS=pthread_create   -o CMakeFiles/cmTC_e79bd.dir/CheckFunctionExists.c.o   -c /usr/share/cmake-3.5/Modules/CheckFunctionExists.c
Linking C executable cmTC_e79bd
/usr/bin/cmake -E cmake_link_script CMakeFiles/cmTC_e79bd.dir/link.txt --verbose=1
/usr/bin/cc   -DCHECK_FUNCTION_EXISTS=pthread_create    CMakeFiles/cmTC_e79bd.dir/CheckFunctionExists.c.o  -o cmTC_e79bd -rdynamic -lpthreads 
/usr/bin/ld: cannot find -lpthreads
collect2: error: ld returned 1 exit status
CMakeFiles/cmTC_e79bd.dir/build.make:97: recipe for target 'cmTC_e79bd' failed
make[1]: *** [cmTC_e79bd] Error 1
make[1]: Leaving directory '/home/ton/catkin_ws/build/CMakeFiles/CMakeTmp'
Makefile:126: recipe for target 'cmTC_e79bd/fast' failed
make: *** [cmTC_e79bd/fast] Error 2


